0 silly argv { _: [ 'run' ],
0 silly argv   since: 'master',
0 silly argv   lernaVersion: '3.19.0',
0 silly argv   '$0': '/usr/local/bin/lerna',
0 silly argv   script: 'test' }
1 notice cli v3.19.0
2 verbose rootPath /Users/kyle.d.hall/code/lerna-spike
3 notice filter changed since "master"
4 silly hasTags
5 verbose hasTags false
6 info Looking for changed packages since master
7 silly checking diff packages/app1
8 error Error: Command failed: git diff --name-only master -- packages/app1
8 error fatal: bad revision 'master'
8 error
8 error
8 error     at makeError (/Users/kyle.d.hall/.config/yarn/global/node_modules/execa/index.js:174:9)
8 error     at Function.module.exports.sync (/Users/kyle.d.hall/.config/yarn/global/node_modules/execa/index.js:338:15)
8 error     at Object.execSync (/Users/kyle.d.hall/.config/yarn/global/node_modules/@lerna/child-process/index.js:26:16)
8 error     at diffSinceIn (/Users/kyle.d.hall/.config/yarn/global/node_modules/@lerna/collect-updates/lib/make-diff-predicate.js:63:23)
8 error     at hasDiffSinceThatIsntIgnored (/Users/kyle.d.hall/.config/yarn/global/node_modules/@lerna/collect-updates/lib/make-diff-predicate.js:27:18)
8 error     at isCandidate (/Users/kyle.d.hall/.config/yarn/global/node_modules/@lerna/collect-updates/collect-updates.js:88:77)
8 error     at packages.forEach (/Users/kyle.d.hall/.config/yarn/global/node_modules/@lerna/collect-updates/lib/collect-packages.js:11:9)
8 error     at Map.forEach (<anonymous>)
8 error     at collectPackages (/Users/kyle.d.hall/.config/yarn/global/node_modules/@lerna/collect-updates/lib/collect-packages.js:10:12)
